# JRE version: Java(TM) SE Runtime Environment (7.0_45-b18) (build 1.7.0_45-b18)
# Java VM: Java HotSpot(TM) 64-Bit Server VM (24.45-b08 mixed mode linux-amd64 compressed oops)
Heap
 PSYoungGen      total 54784K, used 6117K [0x00000000eaa80000, 0x00000000ee680000, 0x0000000100000000)
  eden space 48640K, 0% used [0x00000000eaa80000,0x00000000eaa80000,0x00000000eda00000)
  from space 6144K, 99% used [0x00000000eda00000,0x00000000edff9690,0x00000000ee000000)
  to   space 5632K, 0% used [0x00000000ee000000,0x00000000ee000000,0x00000000ee580000)
 ParOldGen       total 31744K, used 17904K [0x00000000c0000000, 0x00000000c1f00000, 0x00000000eaa80000)
  object space 31744K, 56% used [0x00000000c0000000,0x00000000c117c060,0x00000000c1f00000)
 PSPermGen       total 21504K, used 5546K [0x00000000bae00000, 0x00000000bc300000, 0x00000000c0000000)
  object space 21504K, 25% used [0x00000000bae00000,0x00000000bb36aa80,0x00000000bc300000)
GC Heap History (10 events):
Event: 12.263 GC heap after
Heap after GC invocations=2 (full 0):
 PSYoungGen      total 14336K, used 2042K [0x00000000eaa80000, 0x00000000eba80000, 0x0000000100000000)
  eden space 12288K, 0% used [0x00000000eaa80000,0x00000000eaa80000,0x00000000eb680000)
  from space 2048K, 99% used [0x00000000eb880000,0x00000000eba7ea98,0x00000000eba80000)
  to   space 2048K, 0% used [0x00000000eb680000,0x00000000eb680000,0x00000000eb880000)
 ParOldGen       total 31744K, used 3201K [0x00000000c0000000, 0x00000000c1f00000, 0x00000000eaa80000)
  object space 31744K, 10% used [0x00000000c0000000,0x00000000c03207d8,0x00000000c1f00000)
 PSPermGen       total 21504K, used 5362K [0x00000000bae00000, 0x00000000bc300000, 0x00000000c0000000)
  object space 21504K, 24% used [0x00000000bae00000,0x00000000bb33c868,0x00000000bc300000)
}
Event: 14.576 GC heap before
{Heap before GC invocations=3 (full 0):
 PSYoungGen      total 14336K, used 14330K [0x00000000eaa80000, 0x00000000eba80000, 0x0000000100000000)
  eden space 12288K, 100% used [0x00000000eaa80000,0x00000000eb680000,0x00000000eb680000)
  from space 2048K, 99% used [0x00000000eb880000,0x00000000eba7ea98,0x00000000eba80000)
  to   space 2048K, 0% used [0x00000000eb680000,0x00000000eb680000,0x00000000eb880000)
 ParOldGen       total 31744K, used 3201K [0x00000000c0000000, 0x00000000c1f00000, 0x00000000eaa80000)
  object space 31744K, 10% used [0x00000000c0000000,0x00000000c03207d8,0x00000000c1f00000)
 PSPermGen       total 21504K, used 5429K [0x00000000bae00000, 0x00000000bc300000, 0x00000000c0000000)
  object space 21504K, 25% used [0x00000000bae00000,0x00000000bb34d498,0x00000000bc300000)
Event: 14.647 GC heap after
Heap after GC invocations=3 (full 0):
 PSYoungGen      total 14336K, used 2048K [0x00000000eaa80000, 0x00000000ec680000, 0x0000000100000000)
  eden space 12288K, 0% used [0x00000000eaa80000,0x00000000eaa80000,0x00000000eb680000)
  from space 2048K, 100% used [0x00000000eb680000,0x00000000eb880000,0x00000000eb880000)
  to   space 2048K, 0% used [0x00000000ec480000,0x00000000ec480000,0x00000000ec680000)
 ParOldGen       total 31744K, used 5400K [0x00000000c0000000, 0x00000000c1f00000, 0x00000000eaa80000)
  object space 31744K, 17% used [0x00000000c0000000,0x00000000c05461a8,0x00000000c1f00000)
 PSPermGen       total 21504K, used 5429K [0x00000000bae00000, 0x00000000bc300000, 0x00000000c0000000)
  object space 21504K, 25% used [0x00000000bae00000,0x00000000bb34d498,0x00000000bc300000)
}
Event: 17.016 GC heap before
{Heap before GC invocations=4 (full 0):
 PSYoungGen      total 14336K, used 14336K [0x00000000eaa80000, 0x00000000ec680000, 0x0000000100000000)
  eden space 12288K, 100% used [0x00000000eaa80000,0x00000000eb680000,0x00000000eb680000)
  from space 2048K, 100% used [0x00000000eb680000,0x00000000eb880000,0x00000000eb880000)
  to   space 2048K, 0% used [0x00000000ec480000,0x00000000ec480000,0x00000000ec680000)
 ParOldGen       total 31744K, used 5400K [0x00000000c0000000, 0x00000000c1f00000, 0x00000000eaa80000)
  object space 31744K, 17% used [0x00000000c0000000,0x00000000c05461a8,0x00000000c1f00000)
 PSPermGen       total 21504K, used 5458K [0x00000000bae00000, 0x00000000bc300000, 0x00000000c0000000)
  object space 21504K, 25% used [0x00000000bae00000,0x00000000bb354bd8,0x00000000bc300000)
Event: 17.128 GC heap after
Heap after GC invocations=4 (full 0):
 PSYoungGen      total 26624K, used 2048K [0x00000000eaa80000, 0x00000000ec680000, 0x0000000100000000)
  eden space 24576K, 0% used [0x00000000eaa80000,0x00000000eaa80000,0x00000000ec280000)
  from space 2048K, 100% used [0x00000000ec480000,0x00000000ec680000,0x00000000ec680000)
  to   space 2048K, 0% used [0x00000000ec280000,0x00000000ec280000,0x00000000ec480000)
 ParOldGen       total 31744K, used 7309K [0x00000000c0000000, 0x00000000c1f00000, 0x00000000eaa80000)
  object space 31744K, 23% used [0x00000000c0000000,0x00000000c0723428,0x00000000c1f00000)
 PSPermGen       total 21504K, used 5458K [0x00000000bae00000, 0x00000000bc300000, 0x00000000c0000000)
  object space 21504K, 25% used [0x00000000bae00000,0x00000000bb354bd8,0x00000000bc300000)
}
Event: 20.975 GC heap before
{Heap before GC invocations=5 (full 0):
 PSYoungGen      total 26624K, used 26624K [0x00000000eaa80000, 0x00000000ec680000, 0x0000000100000000)
  eden space 24576K, 100% used [0x00000000eaa80000,0x00000000ec280000,0x00000000ec280000)
  from space 2048K, 100% used [0x00000000ec480000,0x00000000ec680000,0x00000000ec680000)
  to   space 2048K, 0% used [0x00000000ec280000,0x00000000ec280000,0x00000000ec480000)
 ParOldGen       total 31744K, used 7309K [0x00000000c0000000, 0x00000000c1f00000, 0x00000000eaa80000)
  object space 31744K, 23% used [0x00000000c0000000,0x00000000c0723428,0x00000000c1f00000)
 PSPermGen       total 21504K, used 5490K [0x00000000bae00000, 0x00000000bc300000, 0x00000000c0000000)
  object space 21504K, 25% used [0x00000000bae00000,0x00000000bb35cbe8,0x00000000bc300000)
Event: 21.135 GC heap after
Heap after GC invocations=5 (full 0):
 PSYoungGen      total 26624K, used 2048K [0x00000000eaa80000, 0x00000000ee580000, 0x0000000100000000)
  eden space 24576K, 0% used [0x00000000eaa80000,0x00000000eaa80000,0x00000000ec280000)
  from space 2048K, 100% used [0x00000000ec280000,0x00000000ec480000,0x00000000ec480000)
  to   space 5632K, 0% used [0x00000000ee000000,0x00000000ee000000,0x00000000ee580000)
 ParOldGen       total 31744K, used 10989K [0x00000000c0000000, 0x00000000c1f00000, 0x00000000eaa80000)
  object space 31744K, 34% used [0x00000000c0000000,0x00000000c0abb5c8,0x00000000c1f00000)
 PSPermGen       total 21504K, used 5490K [0x00000000bae00000, 0x00000000bc300000, 0x00000000c0000000)
  object space 21504K, 25% used [0x00000000bae00000,0x00000000bb35cbe8,0x00000000bc300000)
}
Event: 23.834 GC heap before
{Heap before GC invocations=6 (full 0):
 PSYoungGen      total 26624K, used 26624K [0x00000000eaa80000, 0x00000000ee580000, 0x0000000100000000)
  eden space 24576K, 100% used [0x00000000eaa80000,0x00000000ec280000,0x00000000ec280000)
  from space 2048K, 100% used [0x00000000ec280000,0x00000000ec480000,0x00000000ec480000)
  to   space 5632K, 0% used [0x00000000ee000000,0x00000000ee000000,0x00000000ee580000)
 ParOldGen       total 31744K, used 10989K [0x00000000c0000000, 0x00000000c1f00000, 0x00000000eaa80000)
  object space 31744K, 34% used [0x00000000c0000000,0x00000000c0abb5c8,0x00000000c1f00000)
 PSPermGen       total 21504K, used 5513K [0x00000000bae00000, 0x00000000bc300000, 0x00000000c0000000)
  object space 21504K, 25% used [0x00000000bae00000,0x00000000bb362528,0x00000000bc300000)
Event: 23.982 GC heap after
Heap after GC invocations=6 (full 0):
 PSYoungGen      total 54272K, used 5632K [0x00000000eaa80000, 0x00000000ee680000, 0x0000000100000000)
  eden space 48640K, 0% used [0x00000000eaa80000,0x00000000eaa80000,0x00000000eda00000)
  from space 5632K, 100% used [0x00000000ee000000,0x00000000ee580000,0x00000000ee580000)
  to   space 6144K, 0% used [0x00000000eda00000,0x00000000eda00000,0x00000000ee000000)
 ParOldGen       total 31744K, used 10997K [0x00000000c0000000, 0x00000000c1f00000, 0x00000000eaa80000)
  object space 31744K, 34% used [0x00000000c0000000,0x00000000c0abd5c8,0x00000000c1f00000)
 PSPermGen       total 21504K, used 5513K [0x00000000bae00000, 0x00000000bc300000, 0x00000000c0000000)
  object space 21504K, 25% used [0x00000000bae00000,0x00000000bb362528,0x00000000bc300000)
}
Event: 28.922 GC heap before
{Heap before GC invocations=7 (full 0):
 PSYoungGen      total 54272K, used 54272K [0x00000000eaa80000, 0x00000000ee680000, 0x0000000100000000)
  eden space 48640K, 100% used [0x00000000eaa80000,0x00000000eda00000,0x00000000eda00000)
  from space 5632K, 100% used [0x00000000ee000000,0x00000000ee580000,0x00000000ee580000)
  to   space 6144K, 0% used [0x00000000eda00000,0x00000000eda00000,0x00000000ee000000)
 ParOldGen       total 31744K, used 10997K [0x00000000c0000000, 0x00000000c1f00000, 0x00000000eaa80000)
  object space 31744K, 34% used [0x00000000c0000000,0x00000000c0abd5c8,0x00000000c1f00000)
 PSPermGen       total 21504K, used 5546K [0x00000000bae00000, 0x00000000bc300000, 0x00000000c0000000)
  object space 21504K, 25% used [0x00000000bae00000,0x00000000bb36aa80,0x00000000bc300000)

