# JRE version: Java(TM) SE Runtime Environment (7.0_45-b18) (build 1.7.0_45-b18)
# Java VM: Java HotSpot(TM) 64-Bit Server VM (24.45-b08 mixed mode linux-amd64 compressed oops)
Heap
 PSYoungGen      total 107008K, used 13815K [0x00000000eaa80000, 0x00000000f2380000, 0x0000000100000000)
  eden space 93184K, 0% used [0x00000000eaa80000,0x00000000eaa80000,0x00000000f0580000)
  from space 13824K, 99% used [0x00000000f0580000,0x00000000f12fdd30,0x00000000f1300000)
  to   space 10752K, 0% used [0x00000000f1300000,0x00000000f1300000,0x00000000f1d80000)
 ParOldGen       total 33792K, used 33670K [0x00000000c0000000, 0x00000000c2100000, 0x00000000eaa80000)
  object space 33792K, 99% used [0x00000000c0000000,0x00000000c20e1a38,0x00000000c2100000)
 PSPermGen       total 21504K, used 5605K [0x00000000bae00000, 0x00000000bc300000, 0x00000000c0000000)
  object space 21504K, 26% used [0x00000000bae00000,0x00000000bb379470,0x00000000bc300000)
GC Heap History (10 events):
Event: 7.948 GC heap after
Heap after GC invocations=4 (full 0):
 PSYoungGen      total 26624K, used 2018K [0x00000000eaa80000, 0x00000000ec680000, 0x0000000100000000)
  eden space 24576K, 0% used [0x00000000eaa80000,0x00000000eaa80000,0x00000000ec280000)
  from space 2048K, 98% used [0x00000000ec480000,0x00000000ec678878,0x00000000ec680000)
  to   space 2048K, 0% used [0x00000000ec280000,0x00000000ec280000,0x00000000ec480000)
 ParOldGen       total 31744K, used 7987K [0x00000000c0000000, 0x00000000c1f00000, 0x00000000eaa80000)
  object space 31744K, 25% used [0x00000000c0000000,0x00000000c07cce50,0x00000000c1f00000)
 PSPermGen       total 21504K, used 5464K [0x00000000bae00000, 0x00000000bc300000, 0x00000000c0000000)
  object space 21504K, 25% used [0x00000000bae00000,0x00000000bb3562a8,0x00000000bc300000)
}
Event: 10.189 GC heap before
{Heap before GC invocations=5 (full 0):
 PSYoungGen      total 26624K, used 26594K [0x00000000eaa80000, 0x00000000ec680000, 0x0000000100000000)
  eden space 24576K, 100% used [0x00000000eaa80000,0x00000000ec280000,0x00000000ec280000)
  from space 2048K, 98% used [0x00000000ec480000,0x00000000ec678878,0x00000000ec680000)
  to   space 2048K, 0% used [0x00000000ec280000,0x00000000ec280000,0x00000000ec480000)
 ParOldGen       total 31744K, used 7987K [0x00000000c0000000, 0x00000000c1f00000, 0x00000000eaa80000)
  object space 31744K, 25% used [0x00000000c0000000,0x00000000c07cce50,0x00000000c1f00000)
 PSPermGen       total 21504K, used 5494K [0x00000000bae00000, 0x00000000bc300000, 0x00000000c0000000)
  object space 21504K, 25% used [0x00000000bae00000,0x00000000bb35da88,0x00000000bc300000)
Event: 10.288 GC heap after
Heap after GC invocations=5 (full 0):
 PSYoungGen      total 26624K, used 2030K [0x00000000eaa80000, 0x00000000ee580000, 0x0000000100000000)
  eden space 24576K, 0% used [0x00000000eaa80000,0x00000000eaa80000,0x00000000ec280000)
  from space 2048K, 99% used [0x00000000ec280000,0x00000000ec47b970,0x00000000ec480000)
  to   space 5632K, 0% used [0x00000000ee000000,0x00000000ee000000,0x00000000ee580000)
 ParOldGen       total 31744K, used 11497K [0x00000000c0000000, 0x00000000c1f00000, 0x00000000eaa80000)
  object space 31744K, 36% used [0x00000000c0000000,0x00000000c0b3a470,0x00000000c1f00000)
 PSPermGen       total 21504K, used 5494K [0x00000000bae00000, 0x00000000bc300000, 0x00000000c0000000)
  object space 21504K, 25% used [0x00000000bae00000,0x00000000bb35da88,0x00000000bc300000)
}
Event: 12.023 GC heap before
{Heap before GC invocations=6 (full 0):
 PSYoungGen      total 26624K, used 26606K [0x00000000eaa80000, 0x00000000ee580000, 0x0000000100000000)
  eden space 24576K, 100% used [0x00000000eaa80000,0x00000000ec280000,0x00000000ec280000)
  from space 2048K, 99% used [0x00000000ec280000,0x00000000ec47b970,0x00000000ec480000)
  to   space 5632K, 0% used [0x00000000ee000000,0x00000000ee000000,0x00000000ee580000)
 ParOldGen       total 31744K, used 11497K [0x00000000c0000000, 0x00000000c1f00000, 0x00000000eaa80000)
  object space 31744K, 36% used [0x00000000c0000000,0x00000000c0b3a470,0x00000000c1f00000)
 PSPermGen       total 21504K, used 5507K [0x00000000bae00000, 0x00000000bc300000, 0x00000000c0000000)
  object space 21504K, 25% used [0x00000000bae00000,0x00000000bb360fb0,0x00000000bc300000)
Event: 12.122 GC heap after
Heap after GC invocations=6 (full 0):
 PSYoungGen      total 53760K, used 5612K [0x00000000eaa80000, 0x00000000ee780000, 0x0000000100000000)
  eden space 48128K, 0% used [0x00000000eaa80000,0x00000000eaa80000,0x00000000ed980000)
  from space 5632K, 99% used [0x00000000ee000000,0x00000000ee57b1d0,0x00000000ee580000)
  to   space 6656K, 0% used [0x00000000ed980000,0x00000000ed980000,0x00000000ee000000)
 ParOldGen       total 31744K, used 12219K [0x00000000c0000000, 0x00000000c1f00000, 0x00000000eaa80000)
  object space 31744K, 38% used [0x00000000c0000000,0x00000000c0beec48,0x00000000c1f00000)
 PSPermGen       total 21504K, used 5507K [0x00000000bae00000, 0x00000000bc300000, 0x00000000c0000000)
  object space 21504K, 25% used [0x00000000bae00000,0x00000000bb360fb0,0x00000000bc300000)
}
Event: 15.177 GC heap before
{Heap before GC invocations=7 (full 0):
 PSYoungGen      total 53760K, used 53740K [0x00000000eaa80000, 0x00000000ee780000, 0x0000000100000000)
  eden space 48128K, 100% used [0x00000000eaa80000,0x00000000ed980000,0x00000000ed980000)
  from space 5632K, 99% used [0x00000000ee000000,0x00000000ee57b1d0,0x00000000ee580000)
  to   space 6656K, 0% used [0x00000000ed980000,0x00000000ed980000,0x00000000ee000000)
 ParOldGen       total 31744K, used 12219K [0x00000000c0000000, 0x00000000c1f00000, 0x00000000eaa80000)
  object space 31744K, 38% used [0x00000000c0000000,0x00000000c0beec48,0x00000000c1f00000)
 PSPermGen       total 21504K, used 5540K [0x00000000bae00000, 0x00000000bc300000, 0x00000000c0000000)
  object space 21504K, 25% used [0x00000000bae00000,0x00000000bb369160,0x00000000bc300000)
Event: 15.293 GC heap after
Heap after GC invocations=7 (full 0):
 PSYoungGen      total 54784K, used 6631K [0x00000000eaa80000, 0x00000000f1d80000, 0x0000000100000000)
  eden space 48128K, 0% used [0x00000000eaa80000,0x00000000eaa80000,0x00000000ed980000)
  from space 6656K, 99% used [0x00000000ed980000,0x00000000edff9ed0,0x00000000ee000000)
  to   space 10752K, 0% used [0x00000000f1300000,0x00000000f1300000,0x00000000f1d80000)
 ParOldGen       total 31744K, used 19104K [0x00000000c0000000, 0x00000000c1f00000, 0x00000000eaa80000)
  object space 31744K, 60% used [0x00000000c0000000,0x00000000c12a8138,0x00000000c1f00000)
 PSPermGen       total 21504K, used 5540K [0x00000000bae00000, 0x00000000bc300000, 0x00000000c0000000)
  object space 21504K, 25% used [0x00000000bae00000,0x00000000bb369160,0x00000000bc300000)
}
Event: 16.705 GC heap before
{Heap before GC invocations=8 (full 0):
 PSYoungGen      total 54784K, used 54759K [0x00000000eaa80000, 0x00000000f1d80000, 0x0000000100000000)
  eden space 48128K, 100% used [0x00000000eaa80000,0x00000000ed980000,0x00000000ed980000)
  from space 6656K, 99% used [0x00000000ed980000,0x00000000edff9ed0,0x00000000ee000000)
  to   space 10752K, 0% used [0x00000000f1300000,0x00000000f1300000,0x00000000f1d80000)
 ParOldGen       total 31744K, used 19104K [0x00000000c0000000, 0x00000000c1f00000, 0x00000000eaa80000)
  object space 31744K, 60% used [0x00000000c0000000,0x00000000c12a8138,0x00000000c1f00000)
 PSPermGen       total 21504K, used 5575K [0x00000000bae00000, 0x00000000bc300000, 0x00000000c0000000)
  object space 21504K, 25% used [0x00000000bae00000,0x00000000bb371d18,0x00000000bc300000)
Event: 16.787 GC heap after
Heap after GC invocations=8 (full 0):
 PSYoungGen      total 103936K, used 10744K [0x00000000eaa80000, 0x00000000f2380000, 0x0000000100000000)
  eden space 93184K, 0% used [0x00000000eaa80000,0x00000000eaa80000,0x00000000f0580000)
  from space 10752K, 99% used [0x00000000f1300000,0x00000000f1d7e218,0x00000000f1d80000)
  to   space 13824K, 0% used [0x00000000f0580000,0x00000000f0580000,0x00000000f1300000)
 ParOldGen       total 31744K, used 22835K [0x00000000c0000000, 0x00000000c1f00000, 0x00000000eaa80000)
  object space 31744K, 71% used [0x00000000c0000000,0x00000000c164ce60,0x00000000c1f00000)
 PSPermGen       total 21504K, used 5575K [0x00000000bae00000, 0x00000000bc300000, 0x00000000c0000000)
  object space 21504K, 25% used [0x00000000bae00000,0x00000000bb371d18,0x00000000bc300000)
}
Event: 19.045 GC heap before
{Heap before GC invocations=9 (full 0):
 PSYoungGen      total 103936K, used 103928K [0x00000000eaa80000, 0x00000000f2380000, 0x0000000100000000)
  eden space 93184K, 100% used [0x00000000eaa80000,0x00000000f0580000,0x00000000f0580000)
  from space 10752K, 99% used [0x00000000f1300000,0x00000000f1d7e218,0x00000000f1d80000)
  to   space 13824K, 0% used [0x00000000f0580000,0x00000000f0580000,0x00000000f1300000)
 ParOldGen       total 31744K, used 22835K [0x00000000c0000000, 0x00000000c1f00000, 0x00000000eaa80000)
  object space 31744K, 71% used [0x00000000c0000000,0x00000000c164ce60,0x00000000c1f00000)
 PSPermGen       total 21504K, used 5605K [0x00000000bae00000, 0x00000000bc300000, 0x00000000c0000000)
  object space 21504K, 26% used [0x00000000bae00000,0x00000000bb379470,0x00000000bc300000)

